Determining if the pthread_create exist failed with the following output:
Change Dir: /home/tareq/gazebo_maze_plugin/gzmaze/build/CMakeFiles/CMakeTmp

Run Build Command:"/usr/bin/make" "cmTC_627bf/fast"
/usr/bin/make -f CMakeFiles/cmTC_627bf.dir/build.make CMakeFiles/cmTC_627bf.dir/build
make[1]: Entering directory '/home/tareq/gazebo_maze_plugin/gzmaze/build/CMakeFiles/CMakeTmp'
Building C object CMakeFiles/cmTC_627bf.dir/CheckSymbolExists.c.o
/usr/bin/cc    -o CMakeFiles/cmTC_627bf.dir/CheckSymbolExists.c.o   -c /home/tareq/gazebo_maze_plugin/gzmaze/build/CMakeFiles/CMakeTmp/CheckSymbolExists.c
Linking C executable cmTC_627bf
/usr/bin/cmake -E cmake_link_script CMakeFiles/cmTC_627bf.dir/link.txt --verbose=1
/usr/bin/cc      -rdynamic CMakeFiles/cmTC_627bf.dir/CheckSymbolExists.c.o  -o cmTC_627bf 
CMakeFiles/cmTC_627bf.dir/CheckSymbolExists.c.o: In function `main':
CheckSymbolExists.c:(.text+0x1b): undefined reference to `pthread_create'
collect2: error: ld returned 1 exit status
CMakeFiles/cmTC_627bf.dir/build.make:97: recipe for target 'cmTC_627bf' failed
make[1]: *** [cmTC_627bf] Error 1
make[1]: Leaving directory '/home/tareq/gazebo_maze_plugin/gzmaze/build/CMakeFiles/CMakeTmp'
Makefile:126: recipe for target 'cmTC_627bf/fast' failed
make: *** [cmTC_627bf/fast] Error 2

File /home/tareq/gazebo_maze_plugin/gzmaze/build/CMakeFiles/CMakeTmp/CheckSymbolExists.c:
/* */
#include <pthread.h>

int main(int argc, char** argv)
{
  (void)argv;
#ifndef pthread_create
  return ((int*)(&pthread_create))[argc];
#else
  (void)argc;
  return 0;
#endif
}

Determining if the function pthread_create exists in the pthreads failed with the following output:
Change Dir: /home/tareq/gazebo_maze_plugin/gzmaze/build/CMakeFiles/CMakeTmp

Run Build Command:"/usr/bin/make" "cmTC_20292/fast"
/usr/bin/make -f CMakeFiles/cmTC_20292.dir/build.make CMakeFiles/cmTC_20292.dir/build
make[1]: Entering directory '/home/tareq/gazebo_maze_plugin/gzmaze/build/CMakeFiles/CMakeTmp'
Building C object CMakeFiles/cmTC_20292.dir/CheckFunctionExists.c.o
/usr/bin/cc   -DCHECK_FUNCTION_EXISTS=pthread_create   -o CMakeFiles/cmTC_20292.dir/CheckFunctionExists.c.o   -c /usr/share/cmake-3.10/Modules/CheckFunctionExists.c
Linking C executable cmTC_20292
/usr/bin/cmake -E cmake_link_script CMakeFiles/cmTC_20292.dir/link.txt --verbose=1
/usr/bin/cc  -DCHECK_FUNCTION_EXISTS=pthread_create    -rdynamic CMakeFiles/cmTC_20292.dir/CheckFunctionExists.c.o  -o cmTC_20292 -lpthreads 
/usr/bin/ld: cannot find -lpthreads
collect2: error: ld returned 1 exit status
CMakeFiles/cmTC_20292.dir/build.make:97: recipe for target 'cmTC_20292' failed
make[1]: *** [cmTC_20292] Error 1
make[1]: Leaving directory '/home/tareq/gazebo_maze_plugin/gzmaze/build/CMakeFiles/CMakeTmp'
Makefile:126: recipe for target 'cmTC_20292/fast' failed
make: *** [cmTC_20292/fast] Error 2


